<?xml version="1.0" encoding="UTF-8"?>
<!-- Generated by org.testng.reporters.JUnitReportReporter -->
<testsuite skipped="0" hostname="TQL5625G" name="com.magento.test.RegisterPagePage" tests="1" failures="0" timestamp="15 jun 2018 18:22:27 GMT" time="21.395" errors="0">
  <testcase name="registeringTest" time="21.395" classname="com.magento.test.RegisterPagePage"/>
</testsuite> <!-- com.magento.test.RegisterPagePage -->
