<?xml version="1.0" encoding="UTF-8"?>
<!-- Generated by org.testng.reporters.JUnitReportReporter -->
<testsuite skipped="0" hostname="TQL5625G" name="com.magento.test.RegisterPageTest" tests="1" failures="0" timestamp="10 jul 2018 19:14:06 GMT" time="23.562" errors="0">
  <testcase name="registeringTest" time="23.562" classname="com.magento.test.RegisterPageTest"/>
</testsuite> <!-- com.magento.test.RegisterPageTest -->
