<?xml version="1.0" encoding="UTF-8"?>
<!-- Generated by org.testng.reporters.JUnitReportReporter -->
<testsuite skipped="0" hostname="TQL5625G" name="com.magento.test.ShoppingCartPageTest" tests="1" failures="0" timestamp="10 jul 2018 19:15:56 GMT" time="24.426" errors="0">
  <testcase name="flatRateShippingTest" time="24.426" classname="com.magento.test.ShoppingCartPageTest"/>
</testsuite> <!-- com.magento.test.ShoppingCartPageTest -->
