<?xml version="1.0" encoding="UTF-8"?>
<!-- Generated by org.testng.reporters.JUnitReportReporter -->
<testsuite skipped="0" hostname="TQL5625G" name="com.magento.test.AlertPageTest" tests="1" failures="0" timestamp="15 jun 2018 16:02:34 GMT" time="14.270" errors="0">
  <testcase name="validateItemsAlertPageTest" time="14.270" classname="com.magento.test.AlertPageTest"/>
</testsuite> <!-- com.magento.test.AlertPageTest -->
