<?xml version="1.0" encoding="UTF-8"?>
<!-- Generated by org.testng.reporters.JUnitReportReporter -->
<testsuite skipped="0" hostname="TQL5625G" name="com.magento.test.ItemsDescriptionPageTest" tests="1" failures="0" timestamp="12 jun 2018 17:59:20 GMT" time="10.639" errors="0">
  <testcase name="comparingPrices" time="10.639" classname="com.magento.test.ItemsDescriptionPageTest"/>
</testsuite> <!-- com.magento.test.ItemsDescriptionPageTest -->
